<?xml version="1.0" encoding="UTF-8"?>
<testsuite name="CodeSharingPlatformTest" tests="1" skipped="0" failures="0" errors="0" timestamp="2021-02-16T13:36:35" hostname="MSI" time="5.147">
  <properties/>
  <testcase name="start" classname="CodeSharingPlatformTest" time="5.147"/>
  <system-out><![CDATA[?[1;31m
Start test 1?[0m

  .   ____          _            __ _ _
 /\\ / ___'_ __ _ _(_)_ __  __ _ \ \ \ \
( ( )\___ | '_ | '_| | '_ \/ _` | \ \ \ \
 \\/  ___)| |_)| | | | | || (_| |  ) ) ) )
  '  |____| .__|_| |_|_| |_\__, | / / / /
 =========|_|==============|___/=/_/_/_/
 :: Spring Boot ::        (v2.3.3.RELEASE)

2021-02-16 19:06:35.736  INFO 5128 --- [    Test worker] platform.CodeSharingPlatform             : Starting CodeSharingPlatform on MSI with PID 5128 (started by Abhinav in C:\Users\Abhinav\IdeaProjects\Code Sharing Platform\Code Sharing Platform\task)
2021-02-16 19:06:35.742  INFO 5128 --- [    Test worker] platform.CodeSharingPlatform             : No active profile set, falling back to default profiles: default
2021-02-16 19:06:37.737  INFO 5128 --- [    Test worker] o.s.b.w.embedded.tomcat.TomcatWebServer  : Tomcat initialized with port(s): 8889 (http)
2021-02-16 19:06:37.756  INFO 5128 --- [    Test worker] o.apache.catalina.core.StandardService   : Starting service [Tomcat]
2021-02-16 19:06:37.756  INFO 5128 --- [    Test worker] org.apache.catalina.core.StandardEngine  : Starting Servlet engine: [Apache Tomcat/9.0.37]
2021-02-16 19:06:37.950  INFO 5128 --- [    Test worker] o.a.c.c.C.[Tomcat].[localhost].[/]       : Initializing Spring embedded WebApplicationContext
2021-02-16 19:06:37.950  INFO 5128 --- [    Test worker] w.s.c.ServletWebServerApplicationContext : Root WebApplicationContext: initialization completed in 2131 ms
2021-02-16 19:06:38.386  INFO 5128 --- [    Test worker] o.s.s.concurrent.ThreadPoolTaskExecutor  : Initializing ExecutorService 'applicationTaskExecutor'
2021-02-16 19:06:38.899  INFO 5128 --- [    Test worker] o.s.b.a.e.web.EndpointLinksResolver      : Exposing 14 endpoint(s) beneath base path '/actuator'
2021-02-16 19:06:38.962  INFO 5128 --- [    Test worker] o.s.b.w.embedded.tomcat.TomcatWebServer  : Tomcat started on port(s): 8889 (http) with context path ''
2021-02-16 19:06:38.984  INFO 5128 --- [    Test worker] platform.CodeSharingPlatform             : Started CodeSharingPlatform in 3.691 seconds (JVM running for 4.751)
2021-02-16 19:06:39.472  INFO 5128 --- [nio-8889-exec-1] o.a.c.c.C.[Tomcat].[localhost].[/]       : Initializing Spring DispatcherServlet 'dispatcherServlet'
2021-02-16 19:06:39.474  INFO 5128 --- [nio-8889-exec-1] o.s.web.servlet.DispatcherServlet        : Initializing Servlet 'dispatcherServlet'
2021-02-16 19:06:39.483  INFO 5128 --- [nio-8889-exec-1] o.s.web.servlet.DispatcherServlet        : Completed initialization in 9 ms
?[1;31m
Start test 2?[0m
?[1;31m
Start test 3?[0m
]]></system-out>
  <system-err><![CDATA[]]></system-err>
</testsuite>
